
> build-storybook
> storybook build --output-dir=C:\Users\robbe\AppData\Local\Temp\chromatic--2408-zqzmARm7P02s

[1mstorybook v9.1.6
[22m
info => Cleaning outputDir: [36m..\..\AppData\Local\Temp\chromatic--2408-zqzmARm7P02s[39m
info => Loading presets
info => Building manager..
info => Building preview..
[36mvite v7.1.5 [32mbuilding for production...[36m[39m
transforming...
[32m✓[39m 109 modules transformed.
rendering chunks...
computing gzip size...
[2m../../AppData/Local/Temp/chromatic--2408-zqzmARm7P02s/[22m[32massets/context-C0qIqeS4.png               [39m[1m[2m    6.12 kB[22m[1m[22m
[2m../../AppData/Local/Temp/chromatic--2408-zqzmARm7P02s/[22m[32massets/styling-Bk6zjRzU.png               [39m[1m[2m    7.24 kB[22m[1m[22m
[2m../../AppData/Local/Temp/chromatic--2408-zqzmARm7P02s/[22m[32miframe.html                               [39m[1m[2m   18.30 kB[22m[1m[22m[2m │ gzip:   5.12 kB[22m
[2m../../AppData/Local/Temp/chromatic--2408-zqzmARm7P02s/[22m[32massets/docs---vsFbMi.png                  [39m[1m[2m   27.88 kB[22m[1m[22m
[2m../../AppData/Local/Temp/chromatic--2408-zqzmARm7P02s/[22m[32massets/share-DGA-UcQf.png                 [39m[1m[2m   40.77 kB[22m[1m[22m
[2m../../AppData/Local/Temp/chromatic--2408-zqzmARm7P02s/[22m[32massets/accessibility-W_h2acOZ.png         [39m[1m[2m   42.34 kB[22m[1m[22m
[2m../../AppData/Local/Temp/chromatic--2408-zqzmARm7P02s/[22m[32massets/figma-plugin-CH2hELiO.png          [39m[1m[2m   44.25 kB[22m[1m[22m
[2m../../AppData/Local/Temp/chromatic--2408-zqzmARm7P02s/[22m[32massets/theming-D6WJLNoW.png               [39m[1m[2m   44.37 kB[22m[1m[22m
[2m../../AppData/Local/Temp/chromatic--2408-zqzmARm7P02s/[22m[32massets/testing-cbzR9l9r.png               [39m[1m[2m   49.31 kB[22m[1m[22m
[2m../../AppData/Local/Temp/chromatic--2408-zqzmARm7P02s/[22m[32massets/addon-library-BWUCAmyN.png         [39m[1m[2m  467.37 kB[22m[1m[22m
[2m../../AppData/Local/Temp/chromatic--2408-zqzmARm7P02s/[22m[35massets/Header-Ck-SSN7O.css                [39m[1m[2m    0.51 kB[22m[1m[22m[2m │ gzip:   0.30 kB[22m
[2m../../AppData/Local/Temp/chromatic--2408-zqzmARm7P02s/[22m[35massets/Button-B2efaGtC.css                [39m[1m[2m    0.52 kB[22m[1m[22m[2m │ gzip:   0.29 kB[22m
[2m../../AppData/Local/Temp/chromatic--2408-zqzmARm7P02s/[22m[35massets/Page-CeeQJVdd.css                  [39m[1m[2m    0.91 kB[22m[1m[22m[2m │ gzip:   0.39 kB[22m
[2m../../AppData/Local/Temp/chromatic--2408-zqzmARm7P02s/[22m[36massets/index-CP4Av9Da.js                  [39m[1m[2m    0.46 kB[22m[1m[22m[2m │ gzip:   0.30 kB[22m
[2m../../AppData/Local/Temp/chromatic--2408-zqzmARm7P02s/[22m[36massets/Header.stories-bmGFS4sU.js         [39m[1m[2m    0.76 kB[22m[1m[22m[2m │ gzip:   0.43 kB[22m
[2m../../AppData/Local/Temp/chromatic--2408-zqzmARm7P02s/[22m[36massets/preload-helper-D9Z9MdNV.js         [39m[1m[2m    1.23 kB[22m[1m[22m[2m │ gzip:   0.72 kB[22m
[2m../../AppData/Local/Temp/chromatic--2408-zqzmARm7P02s/[22m[36massets/DocsRenderer-PQXLIZUC-DolsIRX9.js  [39m[1m[2m    1.25 kB[22m[1m[22m[2m │ gzip:   0.68 kB[22m
[2m../../AppData/Local/Temp/chromatic--2408-zqzmARm7P02s/[22m[36massets/Button.stories-yn-nSbVH.js         [39m[1m[2m    1.26 kB[22m[1m[22m[2m │ gzip:   0.51 kB[22m
[2m../../AppData/Local/Temp/chromatic--2408-zqzmARm7P02s/[22m[36massets/Header-D7-oEFX5.js                 [39m[1m[2m    1.72 kB[22m[1m[22m[2m │ gzip:   0.77 kB[22m
[2m../../AppData/Local/Temp/chromatic--2408-zqzmARm7P02s/[22m[36massets/Button-DyTOMGje.js                 [39m[1m[2m    2.14 kB[22m[1m[22m[2m │ gzip:   1.05 kB[22m
[2m../../AppData/Local/Temp/chromatic--2408-zqzmARm7P02s/[22m[36massets/Page.stories-CkNjuidv.js           [39m[1m[2m    3.49 kB[22m[1m[22m[2m │ gzip:   1.50 kB[22m
[2m../../AppData/Local/Temp/chromatic--2408-zqzmARm7P02s/[22m[36massets/index-702Wu91K.js                  [39m[1m[2m    3.89 kB[22m[1m[22m[2m │ gzip:   1.52 kB[22m
[2m../../AppData/Local/Temp/chromatic--2408-zqzmARm7P02s/[22m[36massets/Configure-Da9vlODq.js              [39m[1m[2m   25.60 kB[22m[1m[22m[2m │ gzip:  10.96 kB[22m
[2m../../AppData/Local/Temp/chromatic--2408-zqzmARm7P02s/[22m[36mvite-inject-mocker-entry.js               [39m[1m[2m   28.76 kB[22m[1m[22m[2m │ gzip:  10.00 kB[22m
[2m../../AppData/Local/Temp/chromatic--2408-zqzmARm7P02s/[22m[36massets/Color-AVL7NMMY-CWEGA7Mq.js         [39m[1m[2m   29.16 kB[22m[1m[22m[2m │ gzip:  11.01 kB[22m
[2m../../AppData/Local/Temp/chromatic--2408-zqzmARm7P02s/[22m[36massets/matchers-7Z3WT2CE-CcSi9QFY.js      [39m[1m[2m   29.66 kB[22m[1m[22m[2m │ gzip:  10.29 kB[22m
[2m../../AppData/Local/Temp/chromatic--2408-zqzmARm7P02s/[22m[36massets/react-18-Cz83eT2k.js               [39m[1m[2m  174.57 kB[22m[1m[22m[2m │ gzip:  55.28 kB[22m
[2m../../AppData/Local/Temp/chromatic--2408-zqzmARm7P02s/[22m[36massets/axe-DJcbTzi0.js                    [39m[1m[33m  572.29 kB[39m[22m[2m │ gzip: 158.02 kB[22m
[2m../../AppData/Local/Temp/chromatic--2408-zqzmARm7P02s/[22m[36massets/blocks-BTuyZbs_.js                 [39m[1m[33m  657.83 kB[39m[22m[2m │ gzip: 216.83 kB[22m
[2m../../AppData/Local/Temp/chromatic--2408-zqzmARm7P02s/[22m[36massets/iframe-DlTBL3KO.js                 [39m[1m[33m1,235.00 kB[39m[22m[2m │ gzip: 343.00 kB[22m
[32m✓ built in 21.03s[39m
info => Output directory: C:\Users\robbe\AppData\Local\Temp\chromatic--2408-zqzmARm7P02s
